[    0.000000] Initializing cgroup subsys cpuset
[    0.000000] Initializing cgroup subsys cpu
[    0.000000] Initializing cgroup subsys cpuacct
[    0.000000] Linux version 4.4.0-206-generic (buildd@lgw01-amd64-039) (gcc version 5.4.0 20160609 (Ubuntu 5.4.0-6ubuntu1~16.04.12) ) #238-Ubuntu SMP Tue Mar 16 07:52:37 UTC 2021 (Ubuntu 4.4.0-206.238-generic 4.4.254)
[    0.000000] Command line: BOOT_IMAGE=/boot/vmlinuz-4.4.0-206-generic root=LABEL=cloudimg-rootfs ro console=tty1 console=ttyS0
[    0.000000] KERNEL supported cpus:
[    0.000000]   Intel GenuineIntel
[    0.000000]   AMD AuthenticAMD
[    0.000000]   Centaur CentaurHauls
[    0.000000] x86/fpu: Legacy x87 FPU detected.
[    0.000000] e820: BIOS-provided physical RAM map:
[    0.000000] BIOS-e820: [mem 0x0000000000000000-0x000000000009fbff] usable
[    0.000000] BIOS-e820: [mem 0x000000000009fc00-0x000000000009ffff] reserved
[    0.000000] BIOS-e820: [mem 0x00000000000f0000-0x00000000000fffff] reserved
[    0.000000] BIOS-e820: [mem 0x0000000000100000-0x000000003ffeffff] usable
[    0.000000] BIOS-e820: [mem 0x000000003fff0000-0x000000003fffffff] ACPI data
[    0.000000] BIOS-e820: [mem 0x00000000fec00000-0x00000000fec00fff] reserved
[    0.000000] BIOS-e820: [mem 0x00000000fee00000-0x00000000fee00fff] reserved
[    0.000000] BIOS-e820: [mem 0x00000000fffc0000-0x00000000ffffffff] reserved
[    0.000000] NX (Execute Disable) protection: active
[    0.000000] SMBIOS 2.5 present.
[    0.000000] Hypervisor detected: KVM
[    0.000000] e820: last_pfn = 0x3fff0 max_arch_pfn = 0x400000000
[    0.000000] MTRR: Disabled
[    0.000000] x86/PAT: MTRRs disabled, skipping PAT initialization too.
[    0.000000] CPU MTRRs all blank - virtualized system.
[    0.000000] x86/PAT: Configuration [0-7]: WB  WT  UC- UC  WB  WT  UC- UC  
[    0.000000] found SMP MP-table at [mem 0x0009fff0-0x0009ffff] mapped at [ffff88000009fff0]
[    0.000000] Scanning 1 areas for low memory corruption
[    0.000000] RAMDISK: [mem 0x362de000-0x37166fff]
[    0.000000] ACPI: Early table checksum verification disabled
[    0.000000] ACPI: RSDP 0x00000000000E0000 000024 (v02 VBOX  )
[    0.000000] ACPI: XSDT 0x000000003FFF0030 00003C (v01 VBOX   VBOXXSDT 00000001 ASL  00000061)
[    0.000000] ACPI: FACP 0x000000003FFF00F0 0000F4 (v04 VBOX   VBOXFACP 00000001 ASL  00000061)
[    0.000000] ACPI: DSDT 0x000000003FFF0470 002325 (v02 VBOX   VBOXBIOS 00000002 INTL 20100528)
[    0.000000] ACPI: FACS 0x000000003FFF0200 000040
[    0.000000] ACPI: FACS 0x000000003FFF0200 000040
[    0.000000] ACPI: APIC 0x000000003FFF0240 00005C (v02 VBOX   VBOXAPIC 00000001 ASL  00000061)
[    0.000000] ACPI: SSDT 0x000000003FFF02A0 0001CC (v01 VBOX   VBOXCPUT 00000002 INTL 20100528)
[    0.000000] No NUMA configuration found
[    0.000000] Faking a node at [mem 0x0000000000000000-0x000000003ffeffff]
[    0.000000] NODE_DATA(0) allocated [mem 0x3ffeb000-0x3ffeffff]
[    0.000000] kvm-clock: Using msrs 4b564d01 and 4b564d00
[    0.000000] kvm-clock: cpu 0, msr 0:3ffe3001, primary cpu clock
[    0.000000] kvm-clock: using sched offset of 6269976776 cycles
[    0.000000] clocksource: kvm-clock: mask: 0xffffffffffffffff max_cycles: 0x1cd42e4dffb, max_idle_ns: 881590591483 ns
[    0.000000] Zone ranges:
[    0.000000]   DMA      [mem 0x0000000000001000-0x0000000000ffffff]
[    0.000000]   DMA32    [mem 0x0000000001000000-0x000000003ffeffff]
[    0.000000]   Normal   empty
[    0.000000]   Device   empty
[    0.000000] Movable zone start for each node
[    0.000000] Early memory node ranges
[    0.000000]   node   0: [mem 0x0000000000001000-0x000000000009efff]
[    0.000000]   node   0: [mem 0x0000000000100000-0x000000003ffeffff]
[    0.000000] Initmem setup node 0 [mem 0x0000000000001000-0x000000003ffeffff]
[    0.000000] ACPI: PM-Timer IO Port: 0x4008
[    0.000000] IOAPIC[0]: apic_id 2, version 32, address 0xfec00000, GSI 0-23
[    0.000000] ACPI: INT_SRC_OVR (bus 0 bus_irq 0 global_irq 2 dfl dfl)
[    0.000000] ACPI: INT_SRC_OVR (bus 0 bus_irq 9 global_irq 9 low level)
[    0.000000] Using ACPI (MADT) for SMP configuration information
[    0.000000] smpboot: Allowing 2 CPUs, 0 hotplug CPUs
[    0.000000] PM: Registered nosave memory: [mem 0x00000000-0x00000fff]
[    0.000000] PM: Registered nosave memory: [mem 0x0009f000-0x0009ffff]
[    0.000000] PM: Registered nosave memory: [mem 0x000a0000-0x000effff]
[    0.000000] PM: Registered nosave memory: [mem 0x000f0000-0x000fffff]
[    0.000000] e820: [mem 0x40000000-0xfebfffff] available for PCI devices
[    0.000000] Booting paravirtualized kernel on KVM
[    0.000000] clocksource: refined-jiffies: mask: 0xffffffff max_cycles: 0xffffffff, max_idle_ns: 7645519600211568 ns
[    0.000000] setup_percpu: NR_CPUS:512 nr_cpumask_bits:512 nr_cpu_ids:2 nr_node_ids:1
[    0.000000] PERCPU: Embedded 33 pages/cpu @ffff88003fc00000 s95640 r8192 d31336 u1048576
[    0.000000] Built 1 zonelists in Node order, mobility grouping on.  Total pages: 257912
[    0.000000] Policy zone: DMA32
[    0.000000] Kernel command line: BOOT_IMAGE=/boot/vmlinuz-4.4.0-206-generic root=LABEL=cloudimg-rootfs ro console=tty1 console=ttyS0
[    0.000000] PID hash table entries: 4096 (order: 3, 32768 bytes)
[    0.000000] Memory: 997656K/1048120K available (8641K kernel code, 1337K rwdata, 4044K rodata, 1496K init, 1296K bss, 50464K reserved, 0K cma-reserved)
[    0.000000] SLUB: HWalign=64, Order=0-3, MinObjects=0, CPUs=2, Nodes=1
[    0.000000] Kernel/User page tables isolation: enabled
[    0.000000] Hierarchical RCU implementation.
[    0.000000] 	Build-time adjustment of leaf fanout to 64.
[    0.000000] 	RCU restricting CPUs from NR_CPUS=512 to nr_cpu_ids=2.
[    0.000000] RCU: Adjusting geometry for rcu_fanout_leaf=64, nr_cpu_ids=2
[    0.000000] NR_IRQS:33024 nr_irqs:440 16
[    0.000000] Console: colour VGA+ 80x25
[    0.000000] console [tty1] enabled
[    0.000000] console [ttyS0] enabled
[    0.000000] tsc: Detected 2394.456 MHz processor
[    1.038589] Calibrating delay loop (skipped) preset value.. 4788.91 BogoMIPS (lpj=9577824)
[    1.053989] pid_max: default: 32768 minimum: 301
[    1.061492] ACPI: Core revision 20150930
[    1.069110] ACPI: 2 ACPI AML tables successfully acquired and loaded
[    1.080044] Security Framework initialized
[    1.086955] Yama: becoming mindful.
[    1.093848] AppArmor: AppArmor initialized
[    1.101472] Dentry cache hash table entries: 131072 (order: 8, 1048576 bytes)
[    1.119544] Inode-cache hash table entries: 65536 (order: 7, 524288 bytes)
[    1.137039] Mount-cache hash table entries: 2048 (order: 2, 16384 bytes)
[    1.148801] Mountpoint-cache hash table entries: 2048 (order: 2, 16384 bytes)
[    1.168824] Initializing cgroup subsys io
[    1.175974] Initializing cgroup subsys memory
[    1.183698] Initializing cgroup subsys devices
[    1.191092] Initializing cgroup subsys freezer
[    1.200451] Initializing cgroup subsys net_cls
[    1.207576] Initializing cgroup subsys perf_event
[    1.217589] Initializing cgroup subsys net_prio
[    1.225354] Initializing cgroup subsys hugetlb
[    1.232621] Initializing cgroup subsys pids
[    1.240407] mce: CPU supports 0 MCE banks
[    1.247208] Last level iTLB entries: 4KB 64, 2MB 8, 4MB 8
[    1.257317] Last level dTLB entries: 4KB 64, 2MB 0, 4MB 0, 1GB 4
[    1.267011] Spectre V1 : Mitigation: usercopy/swapgs barriers and __user pointer sanitization
[    1.283463] Spectre V2 : Mitigation: Full generic retpoline
[    1.294596] Spectre V2 : Spectre v2 / SpectreRSB mitigation: Filling RSB on context switch
[    1.309831] Speculative Store Bypass: Vulnerable
[    1.318562] MDS: Mitigation: Clear CPU buffers
[    1.369551] Freeing SMP alternatives memory: 36K
[    1.448515] ftrace: allocating 32370 entries in 127 pages
[    2.360772] smpboot: APIC(0) Converting physical 0 to logical package 0
[    2.369578] smpboot: Max logical packages: 1
[    2.400894] ..TIMER: vector=0x30 apic1=0 pin1=2 apic2=-1 pin2=-1
[    2.518273] smpboot: CPU0: Intel(R) Core(TM) i7-5500U CPU @ 2.40GHz (family: 0x6, model: 0x3d, stepping: 0x4)
[    2.534149] Performance Events: unsupported p6 CPU model 61 no PMU driver, software events only.
[    2.614119] KVM setup paravirtual spinlock
[    2.623615] x86: Booting SMP configuration:
[    2.628654] .... node  #0, CPUs:      #1
[    2.635819] kvm-clock: cpu 1, msr 0:3ffe3041, secondary cpu clock
[    2.641798] mce: CPU supports 0 MCE banks
[    2.645957] TSC synchronization [CPU#0 -> CPU#1]:
[    2.652023] Measured 85945 cycles TSC warp between CPUs, turning off TSC clock.
[    2.660700] tsc: Marking TSC unstable due to check_tsc_sync_source failed
[    0.553078] x86: Booted up 1 node, 2 CPUs
[    0.556005] smpboot: Total of 2 processors activated (9577.82 BogoMIPS)
[    0.568926] devtmpfs: initialized
[    0.574047] evm: security.selinux
[    0.576011] evm: security.SMACK64
[    0.580003] evm: security.SMACK64EXEC
[    0.584004] evm: security.SMACK64TRANSMUTE
[    0.588004] evm: security.SMACK64MMAP
[    0.592005] evm: security.ima
[    0.596003] evm: security.capability
[    0.600447] clocksource: jiffies: mask: 0xffffffff max_cycles: 0xffffffff, max_idle_ns: 7645041785100000 ns
[    0.604021] futex hash table entries: 512 (order: 3, 32768 bytes)
[    0.608594] pinctrl core: initialized pinctrl subsystem
[    0.612320] RTC time: 17:54:46, date: 04/13/21
[    0.621109] NET: Registered protocol family 16
[    0.636018] cpuidle: using governor ladder
[    0.652018] cpuidle: using governor menu
[    0.656205] PCCT header not found.
[    0.660103] ACPI: bus type PCI registered
[    0.668010] acpiphp: ACPI Hot Plug PCI Controller Driver version: 0.5
[    0.676410] PCI: Using configuration type 1 for base access
[    0.712194] ACPI: Added _OSI(Module Device)
[    0.716005] ACPI: Added _OSI(Processor Device)
[    0.720005] ACPI: Added _OSI(3.0 _SCP Extensions)
[    0.724006] ACPI: Added _OSI(Processor Aggregator Device)
[    0.729448] ACPI: Executed 1 blocks of module-level executable AML code
[    0.741775] ACPI: Interpreter enabled
[    0.744013] ACPI: (supports S0 S5)
[    0.748004] ACPI: Using IOAPIC for interrupt routing
[    0.752336] PCI: Using host bridge windows from ACPI; if necessary, use "pci=nocrs" and report a bug
[    0.764384] ACPI: PCI Root Bridge [PCI0] (domain 0000 [bus 00-ff])
[    0.768016] acpi PNP0A03:00: _OSC: OS supports [ASPM ClockPM Segments MSI]
[    0.772728] acpi PNP0A03:00: _OSC: not requesting OS control; OS requires [ExtendedConfig ASPM ClockPM MSI]
[    0.776023] acpi PNP0A03:00: fail to add MMCONFIG information, can't access extended PCI configuration space under this bridge.
[    0.784012] PCI host bridge to bus 0000:00
[    0.788006] pci_bus 0000:00: root bus resource [io  0x0000-0x0cf7 window]
[    0.792006] pci_bus 0000:00: root bus resource [io  0x0d00-0xffff window]
[    0.796010] pci_bus 0000:00: root bus resource [mem 0x000a0000-0x000bffff window]
[    0.800007] pci_bus 0000:00: root bus resource [mem 0x40000000-0xfdffffff window]
[    0.804013] pci_bus 0000:00: root bus resource [bus 00-ff]
[    0.813881] pci 0000:00:01.1: legacy IDE quirk: reg 0x10: [io  0x01f0-0x01f7]
[    0.816009] pci 0000:00:01.1: legacy IDE quirk: reg 0x14: [io  0x03f6]
[    0.820008] pci 0000:00:01.1: legacy IDE quirk: reg 0x18: [io  0x0170-0x0177]
[    0.824010] pci 0000:00:01.1: legacy IDE quirk: reg 0x1c: [io  0x0376]
[    0.884357] pci 0000:00:07.0: quirk: [io  0x4000-0x403f] claimed by PIIX4 ACPI
[    0.888037] pci 0000:00:07.0: quirk: [io  0x4100-0x410f] claimed by PIIX4 SMB
[    0.901033] ACPI: PCI Interrupt Link [LNKA] (IRQs 5 9 10 *11)
[    0.916509] ACPI: PCI Interrupt Link [LNKB] (IRQs 5 9 *10 11)
[    0.925375] ACPI: PCI Interrupt Link [LNKC] (IRQs 5 *9 10 11)
[    0.933414] ACPI: PCI Interrupt Link [LNKD] (IRQs 5 9 10 *11)
[    0.945528] ACPI: Enabled 2 GPEs in block 00 to 07
[    0.952177] vgaarb: setting as boot device: PCI:0000:00:02.0
[    0.956000] vgaarb: device added: PCI:0000:00:02.0,decodes=io+mem,owns=io+mem,locks=none
[    0.956006] vgaarb: loaded
[    0.960005] vgaarb: bridge control possible 0000:00:02.0
[    0.964524] SCSI subsystem initialized
[    0.968568] ACPI: bus type USB registered
[    0.972029] usbcore: registered new interface driver usbfs
[    0.976056] usbcore: registered new interface driver hub
[    0.980060] usbcore: registered new device driver usb
[    0.988547] PCI: Using ACPI for IRQ routing
[    0.993001] NetLabel: Initializing
[    0.996003] NetLabel:  domain hash size = 128
[    1.000002] NetLabel:  protocols = UNLABELED CIPSOv4
[    1.004027] NetLabel:  unlabeled traffic allowed by default
[    1.008290] amd_nb: Cannot enumerate AMD northbridges
[    1.012563] clocksource: Switched to clocksource kvm-clock
[    1.042964] AppArmor: AppArmor Filesystem Enabled
[    1.042964] pnp: PnP ACPI init
[    1.042964] pnp: PnP ACPI: found 3 devices
[    1.183590] clocksource: acpi_pm: mask: 0xffffff max_cycles: 0xffffff, max_idle_ns: 2085701024 ns
[    1.184431] NET: Registered protocol family 2
[    1.200393] TCP established hash table entries: 8192 (order: 4, 65536 bytes)
[    1.209066] TCP bind hash table entries: 8192 (order: 5, 131072 bytes)
[    1.212629] TCP: Hash tables configured (established 8192 bind 8192)
[    1.212629] UDP hash table entries: 512 (order: 2, 16384 bytes)
[    1.212629] UDP-Lite hash table entries: 512 (order: 2, 16384 bytes)
[    1.212629] NET: Registered protocol family 1
[    1.212629] pci 0000:00:00.0: Limiting direct PCI/PCI transfers
[    1.212629] pci 0000:00:01.0: Activating ISA DMA hang workarounds
[    1.212629] Unpacking initramfs...
[    1.212629] Freeing initrd memory: 14884K
[    1.212629] RAPL PMU detected, API unit is 2^-32 Joules, 4 fixed counters 10737418240 ms ovfl timer
[    1.212629] hw unit of domain pp0-core 2^-0 Joules
[    1.212629] hw unit of domain package 2^-0 Joules
[    1.212629] hw unit of domain dram 2^-0 Joules
[    1.212629] hw unit of domain pp1-gpu 2^-0 Joules
[    1.212629] clocksource: tsc: mask: 0xffffffffffffffff max_cycles: 0x2283c236f90, max_idle_ns: 440795217409 ns
[    1.212629] platform rtc_cmos: registered platform RTC device (no PNP device found)
[    1.212629] Scanning for low memory corruption every 60 seconds
[    1.911095] audit: initializing netlink subsys (disabled)
[    1.920255] audit: type=2000 audit(1618336493.329:1): initialized
[    1.932969] Initialise system trusted keyring
[    1.943068] HugeTLB registered 2 MB page size, pre-allocated 0 pages
[    1.954749] zbud: loaded
[    1.959803] VFS: Disk quotas dquot_6.6.0
[    1.966182] VFS: Dquot-cache hash table entries: 512 (order 0, 4096 bytes)
[    1.974848] squashfs: version 4.0 (2009/01/31) Phillip Lougher
[    1.986097] fuse init (API version 7.23)
[    1.992379] Key type big_key registered
[    1.997244] Allocating IMA MOK and blacklist keyrings.
[    2.029431] Key type asymmetric registered
[    2.034506] Asymmetric key parser 'x509' registered
[    2.041991] Block layer SCSI generic (bsg) driver version 0.4 loaded (major 249)
[    2.052509] io scheduler noop registered
[    2.057293] io scheduler deadline registered (default)
[    2.065080] io scheduler cfq registered
[    2.072024] pci_hotplug: PCI Hot Plug PCI Core version: 0.5
[    2.081453] pciehp: PCI Express Hot Plug Controller Driver version: 0.4
[    2.089541] ACPI: AC Adapter [AC] (on-line)
[    2.094877] input: Power Button as /devices/LNXSYSTM:00/LNXPWRBN:00/input/input0
[    2.105818] ACPI: Power Button [PWRF]
[    2.110436] input: Sleep Button as /devices/LNXSYSTM:00/LNXSLPBN:00/input/input1
[    2.120256] ACPI: Sleep Button [SLPF]
[    2.127036] ACPI: Battery Slot [BAT0] (battery present)
[    2.135579] GHES: HEST is not enabled!
[    2.141363] Serial: 8250/16550 driver, 32 ports, IRQ sharing enabled
[    2.173778] 00:02: ttyS0 at I/O 0x3f8 (irq = 4, base_baud = 115200) is a 16550A
[    2.221413] Linux agpgart interface v0.103
[    2.249472] loop: module loaded
[    2.260251] scsi host0: ata_piix
[    2.266966] scsi host1: ata_piix
[    2.271333] ata1: PATA max UDMA/33 cmd 0x1f0 ctl 0x3f6 bmdma 0xd000 irq 14
[    2.275187] ata2: PATA max UDMA/33 cmd 0x170 ctl 0x376 bmdma 0xd008 irq 15
[    2.287013] libphy: Fixed MDIO Bus: probed
[    2.294855] tun: Universal TUN/TAP device driver, 1.6
[    2.301496] tun: (C) 1999-2004 Max Krasnyansky <maxk@qualcomm.com>
[    2.309463] PPP generic driver version 2.4.2
[    2.315729] ehci_hcd: USB 2.0 'Enhanced' Host Controller (EHCI) Driver
[    2.324662] ehci-pci: EHCI PCI platform driver
[    2.330221] ehci-platform: EHCI generic platform driver
[    2.337195] ohci_hcd: USB 1.1 'Open' Host Controller (OHCI) Driver
[    2.345298] ohci-pci: OHCI PCI platform driver
[    2.351482] ohci-platform: OHCI generic platform driver
[    2.359106] uhci_hcd: USB Universal Host Controller Interface driver
[    2.368276] i8042: PNP: PS/2 Controller [PNP0303:PS2K,PNP0f03:PS2M] at 0x60,0x64 irq 1,12
[    2.382520] serio: i8042 KBD port at 0x60,0x64 irq 1
[    2.384116] serio: i8042 AUX port at 0x60,0x64 irq 12
[    2.395614] mousedev: PS/2 mouse device common for all mice
[    2.409421] rtc_cmos rtc_cmos: rtc core: registered rtc_cmos as rtc0
[    2.421041] rtc_cmos rtc_cmos: alarms up to one day, 114 bytes nvram
[    2.431281] i2c /dev entries driver
[    2.437518] input: AT Translated Set 2 keyboard as /devices/platform/i8042/serio0/input/input2
[    2.448563] device-mapper: uevent: version 1.0.3
[    2.479291] device-mapper: ioctl: 4.34.0-ioctl (2015-10-28) initialised: dm-devel@redhat.com
[    2.494842] ledtrig-cpu: registered to indicate activity on CPUs
[    2.504754] NET: Registered protocol family 10
[    2.510022] NET: Registered protocol family 17
[    2.515659] Key type dns_resolver registered
[    2.526445] registered taskstats version 1
[    2.532603] Loading compiled-in X.509 certificates
[    2.539058] Loaded X.509 cert 'Build time autogenerated kernel key: 516e255599dc793c39c72783e7b5301ff98d6a80'
[    2.552350] zswap: loaded using pool lzo/zbud
[    2.565034] Key type trusted registered
[    2.587241] Key type encrypted registered
[    2.594253] AppArmor: AppArmor sha1 policy hashing enabled
[    2.604932] ima: No TPM chip found, activating TPM-bypass!
[    2.613838] ima: Allocated hash algorithm: sha1
[    2.622607] evm: HMAC attrs: 0x1
[    2.634420]   Magic number: 1:658:946
[    2.642517] tty tty3: hash matches
[    2.648554] processor cpu1: hash matches
[    2.655617] rtc_cmos rtc_cmos: setting system clock to 2021-04-13 17:54:48 UTC (1618336488)
[    2.672331] BIOS EDD facility v0.16 2004-Jun-25, 0 devices found
[    2.681597] EDD information not available.
[    2.690500] Freeing unused kernel memory: 1496K
[    2.708178] Write protecting the kernel read-only data: 14336k
[    2.719637] Freeing unused kernel memory: 1588K
[    2.727841] Freeing unused kernel memory: 52K
Loading, please wait...
starting version 229
[    2.779023] random: systemd-udevd: uninitialized urandom read (16 bytes read, 5 bits of entropy available)
[    2.780212] random: udevadm: uninitialized urandom read (16 bytes read, 5 bits of entropy available)
[    2.780230] random: udevadm: uninitialized urandom read (16 bytes read, 5 bits of entropy available)
[    2.803552] random: udevadm: uninitialized urandom read (16 bytes read, 5 bits of entropy available)
[    2.803607] random: udevadm: uninitialized urandom read (16 bytes read, 5 bits of entropy available)
[    2.804366] random: udevadm: uninitialized urandom read (16 bytes read, 5 bits of entropy available)
[    2.804426] random: udevadm: uninitialized urandom read (16 bytes read, 5 bits of entropy available)
[    2.804586] random: udevadm: uninitialized urandom read (16 bytes read, 5 bits of entropy available)
[    2.804698] random: udevadm: uninitialized urandom read (16 bytes read, 5 bits of entropy available)
[    2.804757] random: udevadm: uninitialized urandom read (16 bytes read, 5 bits of entropy available)
[    2.974998] e1000: Intel(R) PRO/1000 Network Driver - version 7.3.21-k8-NAPI
[    2.993884] e1000: Copyright (c) 1999-2006 Intel Corporation.
[    3.014577] Fusion MPT base driver 3.04.20
[    3.017397] Copyright (c) 1999-2008 LSI Corporation
[    3.083002] Fusion MPT SPI Host driver 3.04.20
[    3.385041] input: ImExPS/2 Generic Explorer Mouse as /devices/platform/i8042/serio1/input/input4
[    4.134064] e1000 0000:00:03.0 eth0: (PCI:33MHz:32-bit) 02:b5:11:9f:b1:da
[    4.148820] e1000 0000:00:03.0 eth0: Intel(R) PRO/1000 Network Connection
[    4.162043] mptbase: ioc0: Initiating bringup
[    4.162108] e1000 0000:00:03.0 enp0s3: renamed from eth0
[    4.253781] ioc0: LSI53C1030 A0: Capabilities={Initiator}
[    4.450290] scsi host2: ioc0: LSI53C1030 A0, FwRev=00000000h, Ports=1, MaxQ=256, IRQ=20
[    4.575502] scsi 2:0:0:0: Direct-Access     VBOX     HARDDISK         1.0  PQ: 0 ANSI: 5
[    4.587414] scsi target2:0:0: Beginning Domain Validation
[    4.608946] scsi target2:0:0: Domain Validation skipping write tests
[    4.616549] scsi target2:0:0: Ending Domain Validation
[    4.623009] scsi target2:0:0: asynchronous
[    4.634084] scsi 2:0:1:0: Direct-Access     VBOX     HARDDISK         1.0  PQ: 0 ANSI: 5
[    4.644213] scsi target2:0:1: Beginning Domain Validation
[    4.665001] scsi target2:0:1: Domain Validation skipping write tests
[    4.676942] scsi target2:0:1: Ending Domain Validation
[    4.683816] scsi target2:0:1: asynchronous
[    4.751920] sd 2:0:0:0: Attached scsi generic sg0 type 0
[    4.761213] sd 2:0:1:0: Attached scsi generic sg1 type 0
[    4.762148] sd 2:0:1:0: [sdb] 20480 512-byte logical blocks: (10.5 MB/10.0 MiB)
[    4.763548] sd 2:0:1:0: [sdb] Write Protect is off
[    4.764571] sd 2:0:1:0: [sdb] Incomplete mode parameter data
[    4.764573] sd 2:0:1:0: [sdb] Assuming drive cache: write through
[    4.804620] sd 2:0:0:0: [sda] 83886080 512-byte logical blocks: (42.9 GB/40.0 GiB)
[    4.818139] sd 2:0:0:0: [sda] Write Protect is off
[    4.825784] sd 2:0:0:0: [sda] Incomplete mode parameter data
[    4.832582] sd 2:0:0:0: [sda] Assuming drive cache: write through
[    4.849989] sd 2:0:1:0: [sdb] Attached SCSI disk
[    4.866588]  sda: sda1
[    4.877325] sd 2:0:0:0: [sda] Attached SCSI disk
Begin: Loading essential drivers ... [    6.962791] md: linear personality registered for level -1
[    6.977143] md: multipath personality registered for level -4
[    6.989206] md: raid0 personality registered for level 0
[    7.015013] md: raid1 personality registered for level 1
[    8.039902] raid6: sse2x1   gen() 134287 MB/s
[    9.042713] raid6: sse2x1   xor() 82763 MB/s
[   11.041645] raid6: sse2x2   gen() 163477 MB/s
[   12.108594] raid6: sse2x2   xor()  5265 MB/s
[   12.183630] raid6: sse2x4   gen()  9910 MB/s
[   12.269912] raid6: sse2x4   xor()  7863 MB/s
[   12.293090] raid6: using algorithm sse2x2 gen() 163477 MB/s
[   12.305477] raid6: .... xor() 5265 MB/s, rmw enabled
[   12.313441] raid6: using ssse3x2 recovery algorithm
[   12.327546] xor: measuring software checksum speed
[   12.376754]    prefetch64-sse: 15187.000 MB/sec
[   12.491191]    generic_sse:  7479.000 MB/sec
[   12.507893] xor: using function: prefetch64-sse (15187.000 MB/sec)
[   12.551258] async_tx: api initialized (async)
[   12.729660] md: raid6 personality registered for level 6
[   12.741208] md: raid5 personality registered for level 5
[   12.750458] md: raid4 personality registered for level 4
[   12.804051] md: raid10 personality registered for level 10
done.
Begin: Running /scripts/init-premount ... done.
Begin: Mounting root file system ... Begin: Running /scripts/local-top ... done.
Begin: Running /scripts/local-premount ... [   12.931231] Btrfs loaded
Scanning for Btrfs filesystems
done.
Warning: fsck not present, so skipping root file system
[   13.251809] EXT4-fs (sda1): mounted filesystem with ordered data mode. Opts: (null)
done.
Begin: Running /scripts/local-bottom ... done.
Begin: Running /scripts/init-bottom ... done.
[   14.175867] random: nonblocking pool is initialized
[   15.084039] systemd[1]: systemd 229 running in system mode. (+PAM +AUDIT +SELINUX +IMA +APPARMOR +SMACK +SYSVINIT +UTMP +LIBCRYPTSETUP +GCRYPT +GNUTLS +ACL +XZ -LZ4 +SECCOMP +BLKID +ELFUTILS +KMOD -IDN)
[   15.136835] systemd[1]: Detected virtualization oracle.
[   15.146974] systemd[1]: Detected architecture x86-64.

Welcome to [1mUbuntu 16.04.7 LTS[0m!

[   15.218134] systemd[1]: Set hostname to <ubuntu>.
[   15.258412] systemd[1]: Initializing machine ID from random generator.
[   15.269420] systemd[1]: Installed transient /etc/machine-id file.
[   17.437487] systemd[1]: Listening on Journal Socket.
[[0;32m  OK  [0m] Listening on Journal Socket.
[   17.451590] systemd[1]: Started Trigger resolvconf update for networkd DNS.
[[0;32m  OK  [0m] Started Trigger resolvconf update for networkd DNS.
[   17.472664] systemd[1]: Listening on Syslog Socket.
[[0;32m  OK  [0m] Listening on Syslog Socket.
[   17.486604] systemd[1]: Listening on /dev/initctl Compatibility Named Pipe.
[[0;32m  OK  [0m] Listening on /dev/initctl Compatibility Named Pipe.
[   17.506880] systemd[1]: Created slice System Slice.
[[0;32m  OK  [0m] Created slice System Slice.
[   17.532687] systemd[1]: Starting Create list of required static device nodes for the current kernel...
         Starting Create list of required st... nodes for the current kernel...
[   17.601425] systemd[1]: Starting Load Kernel Modules...
         Starting Load Kernel Modules...
[   17.614906] systemd[1]: Reached target User and Group Name Lookups.
[[0;32m  OK  [0m] Reached target User and Group Name Lookups.
[   17.630512] systemd[1]: Reached target System Time Synchronized.
[[0;32m  OK  [0m] Reached target System Time Synchronized.
[   17.644658] systemd[1]: Created slice User and Session Slice.
[[0;32m  OK  [0m] Created slice User and Session Slice.
[   17.657480] systemd[1]: Reached target Slices.
[[0;32m  OK  [0m] Reached target Slices.
[   17.667775] systemd[1]: Listening on LVM2 poll daemon socket.
[[0;32m  OK  [0m] Listening on LVM2 poll daemon socket.
[   17.683439] systemd[1]: Created slice system-serial\x2dgetty.slice.
[[0;32m  OK  [0m] Created slice system-serial\x2dgetty.slice.
[   17.697540] systemd[1]: Listening on fsck to fsckd communication Socket.
[[0;32m  OK  [0m] Listening on fsck to fsckd communication Socket.
[   17.711511] systemd[1]: Listening on Journal Audit Socket.
[[0;32m  OK  [0m] Listening on Journal Audit Socket.
[   17.729220] Loading iSCSI transport class v2.0-870.
[   17.749335] systemd[1]: Mounting POSIX Message Queue File System...
         Mounting POSIX Message Queue File System...
[   17.769213] systemd[1]: Listening on udev Control Socket.
[[0;32m  OK  [0m] Listening on udev Control Socket.
[   17.783166] systemd[1]: Listening on Journal Socket (/dev/log).
[[0;32m  OK  [0m] Listening on Journal Socket (/dev/log).
[   17.802892] systemd[1]: Set up automount Arbitrary Executable File Formats File System Automount Point.
[   17.822017] iscsi: registered transport (tcp)
[[0;32m  OK  [0m] Set up automount Arbitrary Executab...ats File System Automount Point.
[   17.864573] systemd[1]: Started Forward Password Requests to Wall Directory Watch.
[[0;32m  OK  [0m] Started Forward Password Requests to Wall Directory Watch.
[   17.900380] systemd[1]: Mounting Huge Pages File System...
         Mounting Huge Pages File System...
[   17.925265] systemd[1]: Starting Uncomplicated firewall...
         Starting Uncomplicated firewall...
[   17.941704] systemd[1]: Reached target Swap.
[[0;32m  OK  [0m] Reached target Swap.
[   17.959170] systemd[1]: Listening on LVM2 metadata daemon socket.
[[0;32m  OK  [0m] Listening on LVM2 metadata daemon socket.
[   17.977249] systemd[1]: Reached target Encrypted Volumes.
[[0;32m  OK  [0m] Reached target Encrypted Volumes.
[   17.997676] systemd[1]: Listening on Device-mapper event daemon FIFOs.
[[0;32m  OK  [0m] Listening on Device-mapper event daemon FIFOs.
[   18.040956] systemd[1]: Starting Monitoring of LVM2 mirrors, snapshots etc. using dmeventd or progress polling...
         Starting Monitoring of LVM2 mirrors... dmeventd or progress polling...
[   18.074896] systemd[1]: Starting Journal Service...
         Starting Journal Service...
[   18.101767] systemd[1]: Starting Set console keymap...
         Starting Set console keymap...
[   18.116377] systemd[1]: Starting Nameserver information manager...
         Starting Nameserver information manager...
[   18.139619] systemd[1]: Starting File System Check on Root Device...
         Starting File System Check on Root Device...
[   18.170667] systemd[1]: Mounting Debug File System...
         Mounting Debug File System...
[   18.191585] systemd[1]: Listening on udev Kernel Socket.
[[0;32m  OK  [0m] Listening on udev Kernel Socket.
[   18.225639] systemd[1]: Mounted Huge Pages File System.
[[0;32m  OK  [0m] Mounted Huge Pages File System.
[   18.242554] systemd[1]: Mounted Debug File System.
[[0;32m  OK  [0m] Mounted Debug File System.
[   18.259089] systemd[1]: Mounted POSIX Message Queue File System.
[[0;32m  OK  [0m] Mounted POSIX Message Queue File System.
[   18.279289] systemd[1]: Started Create list of required static device nodes for the current kernel.
[   18.280911] iscsi: registered transport (iser)
[[0;32m  OK  [0m] Started Create list of required sta...ce nodes for the current kernel.
[   18.315279] systemd[1]: Started Load Kernel Modules.
[[0;32m  OK  [0m] Started Load Kernel Modules.
[   18.338961] systemd[1]: Started Uncomplicated firewall.
[[0;32m  OK  [0m] Started Uncomplicated firewall.
[   18.387198] systemd[1]: Started File System Check Daemon to report status.
[[0;32m  OK  [0m] Started File System Check Daemon to report status.
[   18.441871] systemd[1]: Mounting FUSE Control File System...
         Mounting FUSE Control File System...
[   18.467285] systemd[1]: Starting Apply Kernel Variables...
         Starting Apply Kernel Variables...
[   18.487712] systemd[1]: Starting Create Static Device Nodes in /dev...
         Starting Create Static Device Nodes in /dev...
[   18.510776] systemd[1]: Mounted FUSE Control File System.
[[0;32m  OK  [0m] Mounted FUSE Control File System.
[   18.533093] systemd[1]: Started Nameserver information manager.
[[0;32m  OK  [0m] Started Nameserver information manager.
[   18.666591] systemd[1]: Started Set console keymap.
[[0;32m  OK  [0m] Started Set console keymap.
[   18.740434] systemd[1]: Started Journal Service.
[[0;32m  OK  [0m] Started Journal Service.
[[0;32m  OK  [0m] Started Apply Kernel Variables.
[[0;32m  OK  [0m] Started File System Check on Root Device.
         Starting Remount Root and Kernel File Systems...
[[0;32m  OK  [0m] Started Remount Root and Kernel File Systems.
         Starting Load/Save Random Seed...
         Starting udev Coldplug all Devices...
         Starting Flush Journal to Persistent Storage...
[[0;32m  OK  [0m] Started Load/Save Random Seed.
[[0;32m  OK  [0m] Started Flush Journal to Persistent Storage.
[[0;32m  OK  [0m] Started udev Coldplug all Devices.
[[0;32m  OK  [0m] Started LVM2 metadata daemon.
[[0;32m  OK  [0m] Started Create Static Device Nodes in /dev.
         Starting udev Kernel Device Manager...
[[0;32m  OK  [0m] Started Monitoring of LVM2 mirrors,...ng dmeventd or progress polling.
[[0;32m  OK  [0m] Reached target Local File Systems (Pre).
[[0;32m  OK  [0m] Reached target Local File Systems.
         Starting Commit a transient machine-id on disk...
         Starting Tell Plymouth To Write Out Runtime Data...
         Starting Set console font and keymap...
         Starting LSB: AppArmor initialization...
         Starting Initial cloud-init job (pre-networking)...
         Starting Create Volatile Files and Directories...
[[0;32m  OK  [0m] Started Commit a transient machine-id on disk.
[[0;32m  OK  [0m] Started Tell Plymouth To Write Out Runtime Data.
[[0;32m  OK  [0m] Started Create Volatile Files and Directories.
         Starting Update UTMP about System Boot/Shutdown...
[[0;32m  OK  [0m] Started udev Kernel Device Manager.
[[0;32m  OK  [0m] Started Dispatch Password Requests to Console Directory Watch.
[[0;32m  OK  [0m] Started Update UTMP about System Boot/Shutdown.
[[0;32m  OK  [0m] Found device /dev/ttyS0.
[[0;32m  OK  [0m] Listening on Load/Save RF Kill Switch Status /dev/rfkill Watch.
[[0;32m  OK  [0m] Started Set console font and keymap.
[[0;32m  OK  [0m] Created slice system-getty.slice.
[[0;32m  OK  [0m] Started LSB: AppArmor initialization.
         Starting Load AppArmor profiles managed internally by snapd...
[[0;32m  OK  [0m] Started Load AppArmor profiles managed internally by snapd.
[   30.423693] cloud-init[465]: Cloud-init v. 20.4.1-0ubuntu1~16.04.1 running 'init-local' at Tue, 13 Apr 2021 17:55:14 +0000. Up 28.58 seconds.
[[0;32m  OK  [0m] Started Initial cloud-init job (pre-networking).
[[0;32m  OK  [0m] Reached target Network (Pre).
         Starting Raise network interfaces...
[[0;32m  OK  [0m] Started Raise network interfaces.
         Starting Initial cloud-init job (metadata service crawler)...
[[0;32m  OK  [0m] Reached target Network.
[   46.200345] cloud-init[927]: Cloud-init v. 20.4.1-0ubuntu1~16.04.1 running 'init' at Tue, 13 Apr 2021 17:55:17 +0000. Up 31.76 seconds.
[   46.216740] cloud-init[927]: ci-info: ++++++++++++++++++++++++++++++++++++++Net device info++++++++++++++++++++++++++++++++++++++
[   46.237569] cloud-init[927]: ci-info: +--------+------+----------------------------+---------------+--------+-------------------+
[   46.254512] cloud-init[927]: ci-info: | Device |  Up  |          Address           |      Mask     | Scope  |     Hw-Address    |
[   46.277853] cloud-init[927]: ci-info: +--------+------+----------------------------+---------------+--------+-------------------+
[   46.321001] cloud-init[927]: ci-info: | enp0s3 | True |         10.0.2.15          | 255.255.255.0 | global | 02:b5:11:9f:b1:da |
[   46.345244] cloud-init[927]: ci-info: | enp0s3 | True | fe80::b5:11ff:fe9f:b1da/64 |       .       |  link  | 02:b5:11:9f:b1:da |
[   46.360974] cloud-init[927]: ci-info: |   lo   | True |         127.0.0.1          |   255.0.0.0   |  host  |         .         |
[   46.375837] cloud-init[927]: ci-info: |   lo   | True |          ::1/128           |       .       |  host  |         .         |
[   46.391099] cloud-init[927]: ci-info: +--------+------+----------------------------+---------------+--------+-------------------+
[   46.403074] cloud-init[927]: ci-info: +++++++++++++++++++++++++++Route IPv4 info++++++++++++++++++++++++++++
[   46.416791] cloud-init[927]: ci-info: +-------+-------------+----------+---------------+-----------+-------+
[   46.427742] cloud-init[927]: ci-info: | Route | Destination | Gateway  |    Genmask    | Interface | Flags |
[   46.439442] cloud-init[927]: ci-info: +-------+-------------+----------+---------------+-----------+-------+
[   46.450529] cloud-init[927]: ci-info: |   0   |   0.0.0.0   | 10.0.2.2 |    0.0.0.0    |   enp0s3  |   UG  |
[   46.461118] cloud-init[927]: ci-info: |   1   |   10.0.2.0  | 0.0.0.0  | 255.255.255.0 |   enp0s3  |   U   |
[   46.471116] cloud-init[927]: ci-info: +-------+-------------+----------+---------------+-----------+-------+
[   46.482100] cloud-init[927]: ci-info: +++++++++++++++++++Route IPv6 info+++++++++++++++++++
[   46.490514] cloud-init[927]: ci-info: +-------+-------------+---------+-----------+-------+
[   46.498454] cloud-init[927]: ci-info: | Route | Destination | Gateway | Interface | Flags |
[   46.509425] cloud-init[927]: ci-info: +-------+-------------+---------+-----------+-------+
[   46.518697] cloud-init[927]: ci-info: |   0   |  fe80::/64  |    ::   |   enp0s3  |   U   |
[   46.533483] cloud-init[927]: ci-info: |   3   |   ff00::/8  |    ::   |   enp0s3  |   U   |
[   46.543235] cloud-init[927]: ci-info: +-------+-------------+---------+-----------+-------+
[   46.553903] cloud-init[927]: Generating public/private rsa key pair.
[   46.563127] cloud-init[927]: Your identification has been saved in /etc/ssh/ssh_host_rsa_key.
[   46.572771] cloud-init[927]: Your public key has been saved in /etc/ssh/ssh_host_rsa_key.pub.
[   46.589512] cloud-init[927]: The key fingerprint is:
[   46.597988] cloud-init[927]: SHA256:LBhmrJWAIonaHDJVNYImakNmAEkPWFt3VAAn6y+azOQ root@ubuntu-xenial
[   46.608355] cloud-init[927]: The key's randomart image is:
[   46.615794] cloud-init[927]: +---[RSA 2048]----+
[   46.623387] cloud-init[927]: |OO+o+.*o=o.      |
[   46.629498] cloud-init[927]: |%+*= + *         |
[   46.635451] cloud-init[927]: |OB.oB .          |
[   46.642375] cloud-init[927]: |ooo= + .         |
[   46.658160] cloud-init[927]: |. o . o S        |
[   46.748567] cloud-init[927]: |       o         |
[   46.770831] cloud-init[927]: |    . . .        |
[   46.787922] cloud-init[927]: |   = o .         |
[[0;32m  OK  [0m] Started Initial cloud-init job (metadata service crawler).
[   46.805709] [[0;32m  OK  [0m] Reached target Network is Online.
cloud-init[927]: |    E            |
[   46.829958] cloud-init[927]: +----[SHA256]-----+
[   46.843575]          Starting iSCSI initiator daemon (iscsid)...
[[0;32m  OK  [0m] Reached target System Initialization.
[[0;32m  OK  [0m] Listening on ACPID Listen Socket.
[[0;32m  OK  [0m] Started Daily apt download activities.
[[0;32m  OK  [0m] Listening on UUID daemon activation socket.
[[0;32m  OK  [0m] Started Daily Cleanup of Temporary Directories.
[[0;32m  OK  [0m] Started Message of the Day.
[[0;32m  OK  [0m] Started Daily apt upgrade and clean activities.
cloud-init[927]: Generating public/private dsa key pair.
[   46.899918] cloud-init         Starting LXD - unix socket.
         Starting Socket activation for snappy daemon.
[927]: Your identification has been saved in /etc/ssh/ssh_host_dsa_key.
[   46.938613] cloud-init[927]: Your public key has been saved in /etc/ssh/ssh_host_dsa_key.pub.
[   46.970651] [[0;32m  OK  [0m] Started ACPI Events Check.
[[0;32m  OK  [0m] Reached target Paths.
[[0;32m  OK  [0m] Reached target Timers.
[[0;32m  OK  [0m] Listening on D-Bus System Message Bus Socket.
[[0;32m  OK  [0m] Reached target Cloud-config availability.
[[0;32m  OK  [0m] Listening on LXD - unix socket.
[[0;32m  OK  [0m] Listening on Socket activation for snappy daemon.
[[0;32m  OK  [0m] Reached target Sockets.
[[0;32m  OK  [0m] Reached target Basic System.
cloud-init[927]: The key fingerprint is:
[   47.032641] cloud-init[927]: SHA256:CgJXuKZxj2piksRvgx1x3Ik5tL+oFuI0Xy4AudCIiy4 root@ubuntu-xenial         Starting System Logging Service...

[   47.063715] cloud-init[927]: The key's randomart image is:
[   47.082662] cloud-init[927]: +---[DSA 1024]----+
[   47.096045] cloud-init[927]: |   ..            |
[   47.110380] cloud-init[927]: |  .. .           |
[[0;32m  OK  [0m] Started ACPI event daemon.
[   47.146977] [[0;32m  OK  [0mcloud-init[927]: |o+..o = .        |
[   47.162589] cloud-init[927]: |Bo=. B o         |
[   47.163358] cloud-init[927]: |=B.o+ o S        |
[   47.164844] cloud-init[927]: |=B.+.o o         |
[   47.165497] cloud-init[927]: |=oO = o .        |
[   47.166316] cloud-init[927]: |E* O o .         |
[   47.170440] cloud-init[927]: |* o.+            |
[   47.171243] cloud-init[927]: +----[SHA256]-----+
[   47.171743] cloud-init[927]: Generating public/private ecdsa key pair.
[   47.176541] cloud-init[927]: Your identification has been saved in /etc/ssh/ssh_host_ecdsa_key.
[   47.177209] cloud-init[927]: Your public key has been saved in /etc/ssh/ssh_host_ecdsa_key.pub.
[   47.178696] cloud-init[927]: The key fingerprint is:
[   47.179544] cloud-init[927]: SHA256:za0IBY3mCHECy1PPxaSyCnCxrwxmoYgZ5uScKBZ5pqQ root@ubuntu-xenial
[   47.180141] cloud-init[927]: The key's randomart image is:
[   47.181035] cloud-init[927]: +---[ECDSA 256]---+
[   47.181845] cloud-init[927]: |..+o. +=         |
[   47.182421] cloud-init[927]: |..+=o =o.        |
[   47.183283] cloud-init[927]: |+Xo= B  .        |
[   47.183922] cloud-init[927]: |#+O.+ .. o .     |
[   47.187747] cloud-init[927]: |EX .. . S o .    |
[   47.194407] cloud-init[927]: |*o..   . . .     |
[   47.196931] cloud-init[927]: | .o     . .      |
[   47.198878] cloud-init[927]: |                 |
[   47.199147] cloud-init[927]: |                 |
[   47.210498] cloud-init[927]: +----[SHA256]-----+
[   47.211079] cloud-init[927]: Generating public/private ed25519 key pair.
[   47.211615] cloud-init[927]: Your identification has been saved in /etc/ssh/ssh_host_ed25519_key.
[   47.213137] cloud-init[927]: Your public key has been saved in /etc/ssh/ssh_host_ed25519_key.pub.
[   47.214128] cloud-init[927]: The key fingerprint is:
[   47.214711] cloud-init[927]: SHA256:k4Vn6FquODFaIR3SHNzEGZNPmmhmyoDmfNVK72fEA7Q root@ubuntu-xenial
[   47.215608] cloud-init[927]: The key's randomart image is:
[   47.217378] cloud-init[927]: +--[ED25519 256]--+
[   47.218072] cloud-init[927]: |   +.=++         |
[   47.220578] cloud-init[927]: |  . = =o.o       |
[   47.220774] cloud-init[927]: |.  o oo=+ +      |
[   47.221742] cloud-init[927]: |o.. BooE.=       |
[   47.225880] cloud-init[927]: |+o *o.o S        |
[   47.226399] cloud-init[927]: | oo.+. = =       |
[   47.227010] cloud-init[927]: |  .o oo o .      |
[   47.227749] cloud-init[927]: |  . .. o o       |
[   47.230600] cloud-init[927]: |    ... o        |
[   47.231032] cloud-init[927]: +----[SHA256]-----+
] Started D-Bus System Message Bus.
         Starting /etc/rc.local Compatibility...
[[0;32m  OK  [0m] Started Regular background program processing daemon.
         Starting LSB: Record successful boot for GRUB...
[[0;32m  OK  [0m] Started Deferred execution scheduler.
         Starting Pollinate to seed the pseudo random number generator...
         Starting LSB: MD monitoring daemon...
[[0;32m  OK  [0m] Started FUSE filesystem for LXC.
         Starting Accounts Service...
         Starting Virtualbox guest utils...
         Starting Login Service...
         Starting Snap Daemon...
         Starting LXD - container startup/shutdown...
[[0;32m  OK  [0m] Started System Logging Service.
[[0;32m  OK  [0m] Started /etc/rc.local Compatibility.
[[0;32m  OK  [0m] Started Login Service.
[[0;32m  OK  [0m] Started Unattended Upgrades Shutdown.
[[0;32m  OK  [0m] Started iSCSI initiator daemon (iscsid).
         Starting Login to default iSCSI targets...
[[0;32m  OK  [0m] Started LSB: Record successful boot for GRUB.
[[0;32m  OK  [0m] Started Login to default iSCSI targets.
[[0;32m  OK  [0m] Reached target Remote File Systems (Pre).
[[0;32m  OK  [0m] Reached target Remote File Systems.
         Starting LSB: Set the CPU Frequency Scaling governor to "ondemand"...
         Starting LSB: automatic crash report generation...
         Starting Permit User Sessions...
         Starting LSB: daemon to balance interrupts for SMP systems...
[[0;32m  OK  [0m] Started Permit User Sessions.
         Starting Hold until boot process finishes up...
         Starting Terminate Plymouth Boot Screen...
[[0;32m  OK  [0m] Started Hold until boot process finishes up.
[[0;32m  OK  [0m] Started LSB: Set the CPU Frequency Scaling governor to "ondemand".
[[0;32m  OK  [0m] Started Terminate Plymouth Boot Screen.
         Starting Set console scheme...
[[0;32m  OK  [0m] Started Serial Getty on ttyS0.
[[0;32m  OK  [0m] Started Getty on tty1.
[[0;32m  OK  [0m] Reached target Login Prompts.
[[0;32m  OK  [0m] Started LSB: automatic crash report generation.
[[0;32m  OK  [0m] Started Set console scheme.
[[0;32m  OK  [0m] Started LSB: MD monitoring daemon.
[[0;32m  OK  [0m] Started LSB: daemon to balance interrupts for SMP systems.
[[0;32m  OK  [0m] Started Virtualbox guest utils.
         Starting Authenticate and Authorize Users to Run Privileged Tasks...
[[0;32m  OK  [0m] Started Authenticate and Authorize Users to Run Privileged Tasks.
[[0;32m  OK  [0m] Started Accounts Service.

Ubuntu 16.04.7 LTS ubuntu-xenial ttyS0

ubuntu-xenial login: [   69.141378] cloud-init[1485]: Generating locales (this might take a while)...
[   74.359999] cloud-init[1485]:   en_US.UTF-8... done
[   74.379052] cloud-init[1485]: Generation complete.
[   77.459643] cloud-init[1485]: Cloud-init v. 20.4.1-0ubuntu1~16.04.1 running 'modules:config' at Tue, 13 Apr 2021 17:55:52 +0000. Up 66.26 seconds.
ci-info: no authorized SSH keys fingerprints found for user ubuntu.
<14>Apr 13 17:56:05 ec2: 
<14>Apr 13 17:56:05 ec2: #############################################################
<14>Apr 13 17:56:05 ec2: -----BEGIN SSH HOST KEY FINGERPRINTS-----
<14>Apr 13 17:56:05 ec2: 1024 SHA256:CgJXuKZxj2piksRvgx1x3Ik5tL+oFuI0Xy4AudCIiy4 root@ubuntu-xenial (DSA)
<14>Apr 13 17:56:05 ec2: 256 SHA256:za0IBY3mCHECy1PPxaSyCnCxrwxmoYgZ5uScKBZ5pqQ root@ubuntu-xenial (ECDSA)
<14>Apr 13 17:56:05 ec2: 256 SHA256:k4Vn6FquODFaIR3SHNzEGZNPmmhmyoDmfNVK72fEA7Q root@ubuntu-xenial (ED25519)
<14>Apr 13 17:56:05 ec2: 2048 SHA256:LBhmrJWAIonaHDJVNYImakNmAEkPWFt3VAAn6y+azOQ root@ubuntu-xenial (RSA)
<14>Apr 13 17:56:05 ec2: -----END SSH HOST KEY FINGERPRINTS-----
<14>Apr 13 17:56:05 ec2: #############################################################
-----BEGIN SSH HOST KEY KEYS-----
ecdsa-sha2-nistp256 AAAAE2VjZHNhLXNoYTItbmlzdHAyNTYAAAAIbmlzdHAyNTYAAABBBMDO6UnnEGa1wuYNEq4pa0Bvor3oxs1vZbZkaLwPhIuzACB340Gizd/l8hjGSviEvBJJMYapZ7zTmqVuN/J8Uvk= root@ubuntu-xenial
ssh-ed25519 AAAAC3NzaC1lZDI1NTE5AAAAIPS4MIybgXkbbdqYuPY4t9ytNftsQQU/4dDS2mwIU/H0 root@ubuntu-xenial
ssh-rsa AAAAB3NzaC1yc2EAAAADAQABAAABAQDGG3TfgMIzZHEPTqk/BGc+yX2kNkBsdDqHUbSxsbcH2vY3LvGoNpuHsTHOkDV8GIsY2hEtggdUN8kCjqbzSwX16gBIsFynfIm7mnTkIss5O327J5z4SsXMk2hGx60V2btSCMwg7cjyNMF8YmuVqWScw55d+pCJPerIdIo8pXFXuWx5aUTL9IWJsNhslqo8ZkmqFsHDNKk8nn+is6kydCGjq5nv9H7O7Yd8NZpVPvvJbkKAKngsiKRnyPjEb7fZMH8qQY6uVyYQQebMnooREGQgWCigQiHwQXGp9AFlFF0S/dgc0wyR7Nph6a8upkx1MzIc4aaZ6jjWjBtQ6/EJ/OCj root@ubuntu-xenial
-----END SSH HOST KEY KEYS-----
[   79.579493] cloud-init[1686]: Cloud-init v. 20.4.1-0ubuntu1~16.04.1 running 'modules:final' at Tue, 13 Apr 2021 17:56:04 +0000. Up 78.71 seconds.
[   79.582028] cloud-init[1686]: ci-info: no authorized SSH keys fingerprints found for user ubuntu.
[   79.592554] cloud-init[1686]: Cloud-init v. 20.4.1-0ubuntu1~16.04.1 finished at Tue, 13 Apr 2021 17:56:05 +0000. Datasource DataSourceNoCloud [seed=/dev/sdb][dsmode=net].  Up 79.43 seconds
[[0;32m  OK  [0m] Stopped target Timers.
         Stopping User Manager for UID 1000...
[[0;32m  OK  [0m] Closed Load/Save RF Kill Switch Status /dev/rfkill Watch.
         Stopping Session 3 of user vagrant.
         Stopping ACPI event daemon...
         Stopping Authenticate and Authorize Users to Run Privileged Tasks...
[[0;32m  OK  [0m] Stopped Message of the Day.
[[0;32m  OK  [0m] Stopped target Graphical Interface.
         Stopping Accounts Service...
[[0;32m  OK  [0m] Stopped target Cloud-init target.
[[0;32m  OK  [0m] Stopped Daily apt upgrade and clean activities.
[[0;32m  OK  [0m] Stopped Execute cloud user/final scripts.
[[0;32m  OK  [0m] Stopped target Multi-User System.
         Stopping High-performance, schema-free document-oriented database...
         Stopping OpenBSD Secure Shell server...
         Stopping LSB: daemon to balance interrupts for SMP systems...
         Stopping LSB: automatic crash report generation...
         Stopping LSB: MD monitoring daemon...
         Stopping System Logging Service...
         Stopping Regular background program processing daemon...
         Stopping FUSE filesystem for LXC...
         Stopping LSB: Set the CPU Frequency Scaling governor to "ondemand"...
[[0;32m  OK  [0m] Stopped Apply the settings specified in cloud-config.
         Stopping LXD - container startup/shutdown...
         Stopping Virtualbox guest utils...
[[0;32m  OK  [0m] Stopped Daily Cleanup of Temporary Directories.
[[0;32m  OK  [0m] Stopped Daily apt download activities.
         Stopping D-Bus System Message Bus...
         Stopping Deferred execution scheduler...
         Stopping LSB: Record successful boot for GRUB...
[[0;32m  OK  [0m] Stopped Wait until snapd is fully seeded.
[[0;32m  OK  [0m] Stopped target Cloud-config availability.
[[0;32m  OK  [0m] Stopped target System Time Synchronized.
[[0;32m  OK  [0m] Stopped target Login Prompts.
         Stopping Serial Getty on ttyS0...
         Stopping Getty on tty1...
[[0;32m  OK  [0m] Unmounted /var/lib/lxcfs.
[[0;32m  OK  [0m] Stopped System Logging Service.
[[0;32m  OK  [0m] Stopped ACPI event daemon.
[[0;32m  OK  [0m] Stopped Regular background program processing daemon.
[[0;32m  OK  [0m] Stopped Deferred execution scheduler.
[[0;32m  OK  [0m] Stopped Accounts Service.
[[0;32m  OK  [0m] Stopped Serial Getty on ttyS0.
[[0;32m  OK  [0m] Stopped Getty on tty1.
[[0;32m  OK  [0m] Stopped Authenticate and Authorize Users to Run Privileged Tasks.
[[0;32m  OK  [0m] Stopped OpenBSD Secure Shell server.
[[0;32m  OK  [0m] Stopped High-performance, schema-free document-oriented database.
[[0;32m  OK  [0m] Stopped User Manager for UID 1000.
[[0;32m  OK  [0m] Stopped Session 3 of user vagrant.
[[0;32m  OK  [0m] Stopped D-Bus System Message Bus.
[[0;32m  OK  [0m] Stopped FUSE filesystem for LXC.
[[0;32m  OK  [0m] Stopped LSB: MD monitoring daemon.
[[0;32m  OK  [0m] Stopped LSB: daemon to balance interrupts for SMP systems.
[[0;32m  OK  [0m] Stopped LSB: Set the CPU Frequency Scaling governor to "ondemand".
[[0;32m  OK  [0m] Stopped LXD - container startup/shutdown.
[[0;32m  OK  [0m] Stopped LSB: automatic crash report generation.
[[0;32m  OK  [0m] Stopped Virtualbox guest utils.
[[0;32m  OK  [0m] Stopped LSB: Record successful boot for GRUB.
[[0;32m  OK  [0m] Removed slice User Slice of vagrant.
         Stopping Login Service...
[[0;32m  OK  [0m] Removed slice system-getty.slice.
[[0;32m  OK  [0m] Stopped /etc/rc.local Compatibility.
[[0;32m  OK  [0m] Removed slice system-serial\x2dgetty.slice.
         Stopping Permit User Sessions...
[[0;32m  OK  [0m] Stopped Permit User Sessions.
[[0;32m  OK  [0m] Stopped target Remote File Systems.
         Unmounting /home/vagrant/app...
         Unmounting /vagrant...
[[0;32m  OK  [0m] Stopped Login Service.
[[0;32m  OK  [0m] Unmounted /home/vagrant/app.
[[0;32m  OK  [0m] Unmounted /vagrant.
[[0;32m  OK  [0m] Stopped target Remote File Systems (Pre).
         Stopping Login to default iSCSI targets...
[[0;32m  OK  [0m] Stopped target User and Group Name Lookups.
[[0;32m  OK  [0m] Stopped target Basic System.
[[0;32m  OK  [0m] Stopped target Paths.
[[0;32m  OK  [0m] Stopped ACPI Events Check.
[[0;32m  OK  [0m] Stopped Dispatch Password Requests to Console Directory Watch.
[[0;32m  OK  [0m] Stopped Forward Password Requests to Wall Directory Watch.
[[0;32m  OK  [0m] Stopped target Sockets.
[[0;32m  OK  [0m] Closed UUID daemon activation socket.
[[0;32m  OK  [0m] Closed Socket activation for snappy daemon.
[[0;32m  OK  [0m] Closed LXD - unix socket.
[[0;32m  OK  [0m] Closed ACPID Listen Socket.
[[0;32m  OK  [0m] Closed Syslog Socket.
[[0;32m  OK  [0m] Stopped target Slices.
[[0;32m  OK  [0m] Closed D-Bus System Message Bus Socket.
[[0;32m  OK  [0m] Stopped target System Initialization.
[[0;32m  OK  [0m] Stopped target Swap.
[[0;32m  OK  [0m] Stopped target Encrypted Volumes.
         Stopping Load/Save Random Seed...
[[0;32m  OK  [0m] Stopped Create Volatile Files and Directories.
[[0;32m  OK  [0m] Stopped Commit a transient machine-id on disk.
[[0;32m  OK  [0m] Removed slice User and Session Slice.
[[0;32m  OK  [0m] Stopped Load/Save Random Seed.
[[0;32m  OK  [0m] Stopped Login to default iSCSI targets.
         Stopping iSCSI initiator daemon (iscsid)...
[[0;32m  OK  [0m] Stopped iSCSI initiator daemon (iscsid).
[[0;32m  OK  [0m] Stopped target Network is Online.
[[0;32m  OK  [0m] Stopped Initial cloud-init job (metadata service crawler).
[[0;32m  OK  [0m] Stopped target Network.
         Stopping Raise network interfaces...
[[0;32m  OK  [0m] Stopped Raise network interfaces.
[[0;32m  OK  [0m] Stopped target Local File Systems.
         Unmounting /run/user/1000...
[[0;32m  OK  [0m] Stopped Apply Kernel Variables.
[[0;32m  OK  [0m] Stopped Load Kernel Modules.
[[0;32m  OK  [0m] Stopped target Network (Pre).
[[0;32m  OK  [0m] Stopped Initial cloud-init job (pre-networking).
[[0;32m  OK  [0m] Unmounted /run/user/1000.
[[0;32m  OK  [0m] Reached target Unmount All Filesystems.
[[0;32m  OK  [0m] Stopped target Local File Systems (Pre).
[[0;32m  OK  [0m] Stopped Remount Root and Kernel File Systems.
         Stopping Monitoring of LVM2 mirrors... dmeventd or progress polling...
[[0;32m  OK  [0m] Stopped Create Static Device Nodes in /dev.
[[0;32m  OK  [0m] Reached target Shutdown.
[ 1279.017414] reboot: Power down
olling...
[[0;32m  OK  [0m] Stopped Remount Root and Kernel File Systems.
[[0;32m  OK  [0m] Reached target Shutdown.
[ 1545.650618] reboot: Power down
